0 info it worked if it ends with ok
1 verbose cli [ '/usr/bin/nodejs',
1 verbose cli   '/usr/bin/npm',
1 verbose cli   'install',
1 verbose cli   'resolveFilename' ]
2 info using npm@2.14.12
3 info using node@v4.3.2
4 verbose install initial load of /var/www/html/AMANDA-AI/AI/package.json
5 verbose installManyTop reading scoped package data from /var/www/html/AMANDA-AI/AI/node_modules/websocket/package.json
6 verbose readDependencies loading dependencies from /var/www/html/AMANDA-AI/AI/package.json
7 silly cache add args [ 'resolveFilename', null ]
8 verbose cache add spec resolveFilename
9 silly cache add parsed spec Result {
9 silly cache add   raw: 'resolveFilename',
9 silly cache add   scope: null,
9 silly cache add   name: 'resolveFilename',
9 silly cache add   rawSpec: '',
9 silly cache add   spec: 'latest',
9 silly cache add   type: 'tag' }
10 silly addNamed resolveFilename@latest
11 verbose addNamed "latest" is being treated as a dist-tag for resolveFilename
12 info addNameTag [ 'resolveFilename', 'latest' ]
13 silly mapToRegistry name resolveFilename
14 silly mapToRegistry using default registry
15 silly mapToRegistry registry https://registry.npmjs.org/
16 silly mapToRegistry uri https://registry.npmjs.org/resolveFilename
17 verbose addNameTag registry:https://registry.npmjs.org/resolveFilename not in flight; fetching
18 verbose request uri https://registry.npmjs.org/resolveFilename
19 verbose request no auth needed
20 info attempt registry request try #1 at 9:56:16 PM
21 verbose request id 6beb4f4dbc75e713
22 http request GET https://registry.npmjs.org/resolveFilename
23 http 404 https://registry.npmjs.org/resolveFilename
24 verbose headers { 'content-type': 'application/json',
24 verbose headers   'cache-control': 'max-age=0',
24 verbose headers   'content-length': '2',
24 verbose headers   'accept-ranges': 'bytes',
24 verbose headers   date: 'Wed, 09 Mar 2016 18:56:16 GMT',
24 verbose headers   via: '1.1 varnish',
24 verbose headers   age: '0',
24 verbose headers   connection: 'keep-alive',
24 verbose headers   'x-served-by': 'cache-jfk1048-JFK',
24 verbose headers   'x-cache': 'MISS',
24 verbose headers   'x-cache-hits': '0',
24 verbose headers   'x-timer': 'S1457549776.537351,VS0,VE381' }
25 silly get cb [ 404,
25 silly get   { 'content-type': 'application/json',
25 silly get     'cache-control': 'max-age=0',
25 silly get     'content-length': '2',
25 silly get     'accept-ranges': 'bytes',
25 silly get     date: 'Wed, 09 Mar 2016 18:56:16 GMT',
25 silly get     via: '1.1 varnish',
25 silly get     age: '0',
25 silly get     connection: 'keep-alive',
25 silly get     'x-served-by': 'cache-jfk1048-JFK',
25 silly get     'x-cache': 'MISS',
25 silly get     'x-cache-hits': '0',
25 silly get     'x-timer': 'S1457549776.537351,VS0,VE381' } ]
26 verbose stack Error: Registry returned 404 for GET on https://registry.npmjs.org/resolveFilename
26 verbose stack     at makeError (/usr/lib/node_modules/npm/node_modules/npm-registry-client/lib/request.js:264:12)
26 verbose stack     at CachingRegistryClient.<anonymous> (/usr/lib/node_modules/npm/node_modules/npm-registry-client/lib/request.js:242:14)
26 verbose stack     at Request._callback (/usr/lib/node_modules/npm/node_modules/npm-registry-client/lib/request.js:172:14)
26 verbose stack     at Request.self.callback (/usr/lib/node_modules/npm/node_modules/request/request.js:198:22)
26 verbose stack     at emitTwo (events.js:87:13)
26 verbose stack     at Request.emit (events.js:172:7)
26 verbose stack     at Request.<anonymous> (/usr/lib/node_modules/npm/node_modules/request/request.js:1082:10)
26 verbose stack     at emitOne (events.js:82:20)
26 verbose stack     at Request.emit (events.js:169:7)
26 verbose stack     at IncomingMessage.<anonymous> (/usr/lib/node_modules/npm/node_modules/request/request.js:1009:12)
27 verbose statusCode 404
28 verbose pkgid resolveFilename
29 verbose cwd /var/www/html/AMANDA-AI/AI
30 error Linux 2.6.32-042stab102.9
31 error argv "/usr/bin/nodejs" "/usr/bin/npm" "install" "resolveFilename"
32 error node v4.3.2
33 error npm  v2.14.12
34 error code E404
35 error 404 Registry returned 404 for GET on https://registry.npmjs.org/resolveFilename
35 error 404
35 error 404 'resolveFilename' is not in the npm registry.
35 error 404 Your package name is not valid, because
35 error 404
35 error 404  1. name can no longer contain capital letters
35 error 404
35 error 404 Note that you can also install from a
35 error 404 tarball, folder, http url, or git url.
36 verbose exit [ 1, true ]
